==========================================
  Git 自動同步已啟動
  同步間隔: 300 秒
  按 Ctrl+C 停止
==========================================

[2026-01-16 01:34:43] 偵測到修改，開始同步...
[main 342b966] auto-sync: 2026-01-16 01:34:43
 1 file changed, 7 insertions(+)
 create mode 100644 auto-sync.log
To https://github.com/ChenPengChung/D2Q9_PeriodicHill.git
   e9d2db5..342b966  main -> main
[2026-01-16 01:34:43] 同步完成!

[2026-01-16 01:39:45] 偵測到修改，開始同步...
[main 1b410a3] auto-sync: 2026-01-16 01:39:45
 1 file changed, 8 insertions(+)
To https://github.com/ChenPengChung/D2Q9_PeriodicHill.git
   dcb180f..1b410a3  main -> main
[2026-01-16 01:39:45] 同步完成!

[2026-01-16 01:44:47] 偵測到修改，開始同步...
[main 7df19a9] auto-sync: 2026-01-16 01:44:47
 1 file changed, 7 insertions(+)
To https://github.com/ChenPengChung/D2Q9_PeriodicHill.git
   1b410a3..7df19a9  main -> main
[2026-01-16 01:44:47] 同步完成!

[2026-01-16 01:49:49] 偵測到修改，開始同步...
[main a01117e] auto-sync: 2026-01-16 01:49:49
 1 file changed, 7 insertions(+)
To https://github.com/ChenPengChung/D2Q9_PeriodicHill.git
   7df19a9..a01117e  main -> main
[2026-01-16 01:49:49] 同步完成!

[2026-01-16 01:54:50] 偵測到修改，開始同步...
[main b94f9ec] auto-sync: 2026-01-16 01:54:50
 1 file changed, 7 insertions(+)
To https://github.com/ChenPengChung/D2Q9_PeriodicHill.git
   a01117e..b94f9ec  main -> main
[2026-01-16 01:54:50] 同步完成!

[2026-01-16 01:59:52] 偵測到修改，開始同步...
[main dc9c44d] auto-sync: 2026-01-16 01:59:52
 1 file changed, 7 insertions(+)
To https://github.com/ChenPengChung/D2Q9_PeriodicHill.git
   b94f9ec..dc9c44d  main -> main
[2026-01-16 01:59:52] 同步完成!

[2026-01-16 02:04:54] 偵測到修改，開始同步...
[main 598d13c] auto-sync: 2026-01-16 02:04:54
 1 file changed, 7 insertions(+)
To https://github.com/ChenPengChung/D2Q9_PeriodicHill.git
   dc9c44d..598d13c  main -> main
[2026-01-16 02:04:54] 同步完成!

[2026-01-16 02:09:55] 偵測到修改，開始同步...
